????? ASCII
?? mm
??? 4,??? 3,????? ????????
?????? '*' (2Ah)


???? cpl.grb
  ???? 1 : パターン-A

???? pattern-B.grb
  ???? 2 : パターン-B

???? silk-A.grb
  ???? 3 : シルク-A

???? silk-B.grb
  ???? 4 : シルク-B

???? resist-A.grb
  ???? 5 : レジスト-A

???? resist-B.grb
  ???? 6 : レジスト-B

???? bol.grb
  ???? 7 : 外形

??D??? : ??????/?

  ??????? ????  D11 : 0.100 mm
  ??????? ????  D12 : 1.000 mm
  ??????? ????  D13 : 2.000 mm
  ??????? ????  D14 : 2.200 mm
  ??????? ????  D15 : 3.500 mm
