????? ASCII
?? mm
??? 4,??? 3,????? ????????
?????? '*' (2Ah)


???? cpl.grb
  ???? 1 : パターン裏

???? pattern-B.grb
  ???? 2 : パターン表

???? silk-A.grb
  ???? 3 : シルク裏

???? silk-B.grb
  ???? 4 : シルク表

???? resist-A.grb
  ???? 5 : レジスト裏

???? resist-B.grb
  ???? 6 : レジスト表

???? bol.grb
  ???? 7 : 外形

??D??? : ??????/?

  ??????? ????  D11 : 0.100 mm
  ??????? ????  D12 : 1.000 mm
  ??????? ????  D13 : 2.000 mm
  ??????? ????  D14 : 3.500 mm
  ??????? ????  D15 : 0.001 mm
